{"E:\\TUP\\3rd Year\\2nd Sem\\PROG7\\PROJECTS\\Brickduino\\scripts\\feedback.js": {"path":"E:\\TUP\\3rd Year\\2nd Sem\\PROG7\\PROJECTS\\Brickduino\\scripts\\feedback.js","statementMap":{"0":{"start":{"line":2,"column":19},"end":{"line":2,"column":135}},"1":{"start":{"line":5,"column":24},"end":{"line":5,"column":29}},"2":{"start":{"line":6,"column":25},"end":{"line":6,"column":30}},"3":{"start":{"line":9,"column":21},"end":{"line":9,"column":22}},"4":{"start":{"line":10,"column":27},"end":{"line":10,"column":28}},"5":{"start":{"line":11,"column":25},"end":{"line":11,"column":26}},"6":{"start":{"line":12,"column":22},"end":{"line":12,"column":26}},"7":{"start":{"line":15,"column":24},"end":{"line":15,"column":26}},"8":{"start":{"line":16,"column":28},"end":{"line":16,"column":31}},"9":{"start":{"line":17,"column":19},"end":{"line":17,"column":43}},"10":{"start":{"line":20,"column":23},"end":{"line":27,"column":1}},"11":{"start":{"line":31,"column":27},"end":{"line":31,"column":70}},"12":{"start":{"line":32,"column":18},"end":{"line":32,"column":45}},"13":{"start":{"line":35,"column":4},"end":{"line":39,"column":5}},"14":{"start":{"line":36,"column":8},"end":{"line":38,"column":9}},"15":{"start":{"line":36,"column":45},"end":{"line":36,"column":69}},"16":{"start":{"line":37,"column":12},"end":{"line":37,"column":24}},"17":{"start":{"line":42,"column":21},"end":{"line":49,"column":29}},"18":{"start":{"line":51,"column":4},"end":{"line":51,"column":74}},"19":{"start":{"line":51,"column":44},"end":{"line":51,"column":72}},"20":{"start":{"line":57,"column":4},"end":{"line":59,"column":5}},"21":{"start":{"line":58,"column":8},"end":{"line":58,"column":78}},"22":{"start":{"line":62,"column":4},"end":{"line":64,"column":5}},"23":{"start":{"line":63,"column":8},"end":{"line":63,"column":86}},"24":{"start":{"line":67,"column":4},"end":{"line":69,"column":5}},"25":{"start":{"line":68,"column":8},"end":{"line":68,"column":106}},"26":{"start":{"line":72,"column":4},"end":{"line":74,"column":5}},"27":{"start":{"line":73,"column":8},"end":{"line":73,"column":84}},"28":{"start":{"line":76,"column":4},"end":{"line":76,"column":16}},"29":{"start":{"line":81,"column":4},"end":{"line":81,"column":27}},"30":{"start":{"line":83,"column":25},"end":{"line":83,"column":67}},"31":{"start":{"line":84,"column":17},"end":{"line":84,"column":61}},"32":{"start":{"line":85,"column":21},"end":{"line":85,"column":73}},"33":{"start":{"line":87,"column":4},"end":{"line":132,"column":5}},"34":{"start":{"line":89,"column":28},"end":{"line":89,"column":38}},"35":{"start":{"line":90,"column":36},"end":{"line":90,"column":64}},"36":{"start":{"line":92,"column":8},"end":{"line":96,"column":9}},"37":{"start":{"line":93,"column":34},"end":{"line":93,"column":91}},"38":{"start":{"line":94,"column":12},"end":{"line":94,"column":94}},"39":{"start":{"line":95,"column":12},"end":{"line":95,"column":19}},"40":{"start":{"line":99,"column":8},"end":{"line":99,"column":38}},"41":{"start":{"line":101,"column":8},"end":{"line":101,"column":37}},"42":{"start":{"line":102,"column":26},"end":{"line":102,"column":50}},"43":{"start":{"line":104,"column":25},"end":{"line":104,"column":39}},"44":{"start":{"line":105,"column":8},"end":{"line":105,"column":38}},"45":{"start":{"line":106,"column":8},"end":{"line":106,"column":46}},"46":{"start":{"line":107,"column":8},"end":{"line":107,"column":48}},"47":{"start":{"line":109,"column":25},"end":{"line":112,"column":10}},"48":{"start":{"line":114,"column":8},"end":{"line":116,"column":9}},"49":{"start":{"line":115,"column":12},"end":{"line":115,"column":101}},"50":{"start":{"line":118,"column":8},"end":{"line":118,"column":37}},"51":{"start":{"line":119,"column":8},"end":{"line":119,"column":56}},"52":{"start":{"line":122,"column":8},"end":{"line":122,"column":33}},"53":{"start":{"line":123,"column":8},"end":{"line":123,"column":30}},"54":{"start":{"line":125,"column":8},"end":{"line":125,"column":41}},"55":{"start":{"line":126,"column":8},"end":{"line":126,"column":46}},"56":{"start":{"line":129,"column":8},"end":{"line":129,"column":39}},"57":{"start":{"line":130,"column":8},"end":{"line":130,"column":29}},"58":{"start":{"line":131,"column":8},"end":{"line":131,"column":38}},"59":{"start":{"line":137,"column":19},"end":{"line":137,"column":41}},"60":{"start":{"line":139,"column":4},"end":{"line":139,"column":45}},"61":{"start":{"line":141,"column":26},"end":{"line":150,"column":12}},"62":{"start":{"line":142,"column":8},"end":{"line":142,"column":19}},"63":{"start":{"line":143,"column":8},"end":{"line":149,"column":9}},"64":{"start":{"line":144,"column":12},"end":{"line":144,"column":41}},"65":{"start":{"line":145,"column":12},"end":{"line":145,"column":36}},"66":{"start":{"line":146,"column":12},"end":{"line":146,"column":51}},"67":{"start":{"line":148,"column":12},"end":{"line":148,"column":53}},"68":{"start":{"line":155,"column":4},"end":{"line":180,"column":5}},"69":{"start":{"line":156,"column":25},"end":{"line":156,"column":72}},"70":{"start":{"line":157,"column":21},"end":{"line":157,"column":42}},"71":{"start":{"line":159,"column":8},"end":{"line":177,"column":9}},"72":{"start":{"line":160,"column":25},"end":{"line":160,"column":41}},"73":{"start":{"line":161,"column":33},"end":{"line":161,"column":72}},"74":{"start":{"line":162,"column":12},"end":{"line":162,"column":40}},"75":{"start":{"line":164,"column":12},"end":{"line":174,"column":13}},"76":{"start":{"line":166,"column":16},"end":{"line":170,"column":19}},"77":{"start":{"line":167,"column":34},"end":{"line":167,"column":55}},"78":{"start":{"line":168,"column":34},"end":{"line":168,"column":55}},"79":{"start":{"line":169,"column":20},"end":{"line":169,"column":41}},"80":{"start":{"line":173,"column":16},"end":{"line":173,"column":43}},"81":{"start":{"line":176,"column":12},"end":{"line":176,"column":70}},"82":{"start":{"line":179,"column":8},"end":{"line":179,"column":57}},"83":{"start":{"line":185,"column":25},"end":{"line":185,"column":64}},"84":{"start":{"line":186,"column":4},"end":{"line":186,"column":32}},"85":{"start":{"line":189,"column":4},"end":{"line":204,"column":5}},"86":{"start":{"line":189,"column":17},"end":{"line":189,"column":18}},"87":{"start":{"line":190,"column":21},"end":{"line":190,"column":35}},"88":{"start":{"line":191,"column":29},"end":{"line":191,"column":58}},"89":{"start":{"line":192,"column":8},"end":{"line":192,"column":49}},"90":{"start":{"line":194,"column":21},"end":{"line":194,"column":45}},"91":{"start":{"line":195,"column":30},"end":{"line":195,"column":89}},"92":{"start":{"line":197,"column":8},"end":{"line":201,"column":10}},"93":{"start":{"line":203,"column":8},"end":{"line":203,"column":47}},"94":{"start":{"line":207,"column":4},"end":{"line":216,"column":5}},"95":{"start":{"line":208,"column":31},"end":{"line":208,"column":63}},"96":{"start":{"line":209,"column":8},"end":{"line":209,"column":54}},"97":{"start":{"line":210,"column":8},"end":{"line":210,"column":49}},"98":{"start":{"line":211,"column":8},"end":{"line":214,"column":10}},"99":{"start":{"line":212,"column":12},"end":{"line":212,"column":53}},"100":{"start":{"line":213,"column":12},"end":{"line":213,"column":46}},"101":{"start":{"line":215,"column":8},"end":{"line":215,"column":49}},"102":{"start":{"line":221,"column":4},"end":{"line":226,"column":33}},"103":{"start":{"line":230,"column":0},"end":{"line":241,"column":3}},"104":{"start":{"line":231,"column":4},"end":{"line":231,"column":87}},"105":{"start":{"line":232,"column":4},"end":{"line":232,"column":20}},"106":{"start":{"line":235,"column":4},"end":{"line":237,"column":5}},"107":{"start":{"line":236,"column":8},"end":{"line":236,"column":39}},"108":{"start":{"line":240,"column":4},"end":{"line":240,"column":67}},"109":{"start":{"line":244,"column":0},"end":{"line":255,"column":1}},"110":{"start":{"line":245,"column":4},"end":{"line":245,"column":41}},"111":{"start":{"line":246,"column":4},"end":{"line":246,"column":49}},"112":{"start":{"line":247,"column":4},"end":{"line":247,"column":43}},"113":{"start":{"line":248,"column":4},"end":{"line":248,"column":41}},"114":{"start":{"line":249,"column":4},"end":{"line":249,"column":55}},"115":{"start":{"line":250,"column":4},"end":{"line":250,"column":51}},"116":{"start":{"line":251,"column":4},"end":{"line":251,"column":35}},"117":{"start":{"line":252,"column":4},"end":{"line":252,"column":43}},"118":{"start":{"line":253,"column":4},"end":{"line":253,"column":35}},"119":{"start":{"line":254,"column":4},"end":{"line":254,"column":45}}},"fnMap":{"0":{"name":"containsProfanity","decl":{"start":{"line":30,"column":9},"end":{"line":30,"column":26}},"loc":{"start":{"line":30,"column":33},"end":{"line":52,"column":1}},"line":30},"1":{"name":"(anonymous_1)","decl":{"start":{"line":36,"column":32},"end":{"line":36,"column":33}},"loc":{"start":{"line":36,"column":45},"end":{"line":36,"column":69}},"line":36},"2":{"name":"(anonymous_2)","decl":{"start":{"line":51,"column":31},"end":{"line":51,"column":32}},"loc":{"start":{"line":51,"column":44},"end":{"line":51,"column":72}},"line":51},"3":{"name":"validateInput","decl":{"start":{"line":55,"column":9},"end":{"line":55,"column":22}},"loc":{"start":{"line":55,"column":39},"end":{"line":77,"column":1}},"line":55},"4":{"name":"submitFeedback","decl":{"start":{"line":80,"column":15},"end":{"line":80,"column":29}},"loc":{"start":{"line":80,"column":37},"end":{"line":133,"column":1}},"line":80},"5":{"name":"startCooldownTimer","decl":{"start":{"line":136,"column":9},"end":{"line":136,"column":27}},"loc":{"start":{"line":136,"column":36},"end":{"line":151,"column":1}},"line":136},"6":{"name":"(anonymous_6)","decl":{"start":{"line":141,"column":38},"end":{"line":141,"column":39}},"loc":{"start":{"line":141,"column":44},"end":{"line":150,"column":5}},"line":141},"7":{"name":"fetchFeedback","decl":{"start":{"line":154,"column":15},"end":{"line":154,"column":28}},"loc":{"start":{"line":154,"column":31},"end":{"line":181,"column":1}},"line":154},"8":{"name":"(anonymous_8)","decl":{"start":{"line":166,"column":26},"end":{"line":166,"column":27}},"loc":{"start":{"line":166,"column":36},"end":{"line":170,"column":17}},"line":166},"9":{"name":"displayFeedbackBatch","decl":{"start":{"line":184,"column":9},"end":{"line":184,"column":29}},"loc":{"start":{"line":184,"column":43},"end":{"line":217,"column":1}},"line":184},"10":{"name":"(anonymous_10)","decl":{"start":{"line":211,"column":33},"end":{"line":211,"column":34}},"loc":{"start":{"line":211,"column":39},"end":{"line":214,"column":9}},"line":211},"11":{"name":"escapeHtml","decl":{"start":{"line":220,"column":9},"end":{"line":220,"column":19}},"loc":{"start":{"line":220,"column":28},"end":{"line":227,"column":1}},"line":220},"12":{"name":"(anonymous_12)","decl":{"start":{"line":230,"column":46},"end":{"line":230,"column":47}},"loc":{"start":{"line":230,"column":52},"end":{"line":241,"column":1}},"line":230}},"branchMap":{"0":{"loc":{"start":{"line":36,"column":8},"end":{"line":38,"column":9}},"type":"if","locations":[{"start":{"line":36,"column":8},"end":{"line":38,"column":9}},{"start":{},"end":{}}],"line":36},"1":{"loc":{"start":{"line":57,"column":4},"end":{"line":59,"column":5}},"type":"if","locations":[{"start":{"line":57,"column":4},"end":{"line":59,"column":5}},{"start":{},"end":{}}],"line":57},"2":{"loc":{"start":{"line":62,"column":4},"end":{"line":64,"column":5}},"type":"if","locations":[{"start":{"line":62,"column":4},"end":{"line":64,"column":5}},{"start":{},"end":{}}],"line":62},"3":{"loc":{"start":{"line":67,"column":4},"end":{"line":69,"column":5}},"type":"if","locations":[{"start":{"line":67,"column":4},"end":{"line":69,"column":5}},{"start":{},"end":{}}],"line":67},"4":{"loc":{"start":{"line":72,"column":4},"end":{"line":74,"column":5}},"type":"if","locations":[{"start":{"line":72,"column":4},"end":{"line":74,"column":5}},{"start":{},"end":{}}],"line":72},"5":{"loc":{"start":{"line":72,"column":8},"end":{"line":72,"column":62}},"type":"binary-expr","locations":[{"start":{"line":72,"column":8},"end":{"line":72,"column":31}},{"start":{"line":72,"column":35},"end":{"line":72,"column":62}}],"line":72},"6":{"loc":{"start":{"line":92,"column":8},"end":{"line":96,"column":9}},"type":"if","locations":[{"start":{"line":92,"column":8},"end":{"line":96,"column":9}},{"start":{},"end":{}}],"line":92},"7":{"loc":{"start":{"line":114,"column":8},"end":{"line":116,"column":9}},"type":"if","locations":[{"start":{"line":114,"column":8},"end":{"line":116,"column":9}},{"start":{},"end":{}}],"line":114},"8":{"loc":{"start":{"line":143,"column":8},"end":{"line":149,"column":9}},"type":"if","locations":[{"start":{"line":143,"column":8},"end":{"line":149,"column":9}},{"start":{"line":147,"column":15},"end":{"line":149,"column":9}}],"line":143},"9":{"loc":{"start":{"line":164,"column":12},"end":{"line":174,"column":13}},"type":"if","locations":[{"start":{"line":164,"column":12},"end":{"line":174,"column":13}},{"start":{},"end":{}}],"line":164},"10":{"loc":{"start":{"line":207,"column":4},"end":{"line":216,"column":5}},"type":"if","locations":[{"start":{"line":207,"column":4},"end":{"line":216,"column":5}},{"start":{},"end":{}}],"line":207},"11":{"loc":{"start":{"line":235,"column":4},"end":{"line":237,"column":5}},"type":"if","locations":[{"start":{"line":235,"column":4},"end":{"line":237,"column":5}},{"start":{},"end":{}}],"line":235},"12":{"loc":{"start":{"line":244,"column":0},"end":{"line":255,"column":1}},"type":"if","locations":[{"start":{"line":244,"column":0},"end":{"line":255,"column":1}},{"start":{},"end":{}}],"line":244}},"s":{"0":31,"1":31,"2":31,"3":31,"4":31,"5":31,"6":31,"7":31,"8":31,"9":31,"10":31,"11":20,"12":20,"13":20,"14":38,"15":1038,"16":4,"17":16,"18":16,"19":407,"20":13,"21":1,"22":12,"23":1,"24":11,"25":3,"26":8,"27":3,"28":5,"29":7,"30":7,"31":7,"32":7,"33":7,"34":7,"35":7,"36":7,"37":1,"38":1,"39":1,"40":6,"41":4,"42":4,"43":4,"44":4,"45":4,"46":4,"47":4,"48":4,"49":1,"50":3,"51":3,"52":3,"53":3,"54":3,"55":3,"56":3,"57":3,"58":3,"59":4,"60":4,"61":4,"62":30,"63":30,"64":1,"65":1,"66":1,"67":29,"68":550,"69":550,"70":549,"71":549,"72":549,"73":548,"74":548,"75":548,"76":548,"77":23,"78":23,"79":23,"80":548,"81":1,"82":1,"83":552,"84":552,"85":552,"86":552,"87":580,"88":580,"89":580,"90":580,"91":580,"92":580,"93":580,"94":552,"95":3,"96":3,"97":3,"98":3,"99":1,"100":1,"101":3,"102":1162,"103":31,"104":518,"105":518,"106":518,"107":487,"108":518,"109":31,"110":31,"111":31,"112":31,"113":31,"114":31,"115":31,"116":31,"117":31,"118":31,"119":31},"f":{"0":20,"1":1038,"2":407,"3":13,"4":7,"5":4,"6":30,"7":550,"8":23,"9":552,"10":1,"11":1162,"12":518},"b":{"0":[4,34],"1":[1,12],"2":[1,11],"3":[3,8],"4":[3,5],"5":[8,7],"6":[1,6],"7":[1,3],"8":[1,29],"9":[548,0],"10":[3,549],"11":[487,31],"12":[31,0]},"_coverageSchema":"1a1c01bbd47fc00a2c39e90264f33305004495a9","hash":"609121d7c4537dde979235db9fb3536d792cc701"}
,"E:\\TUP\\3rd Year\\2nd Sem\\PROG7\\PROJECTS\\Brickduino\\scripts\\script.js": {"path":"E:\\TUP\\3rd Year\\2nd Sem\\PROG7\\PROJECTS\\Brickduino\\scripts\\script.js","statementMap":{"0":{"start":{"line":3,"column":14},"end":{"line":3,"column":53}},"1":{"start":{"line":4,"column":4},"end":{"line":4,"column":21}},"2":{"start":{"line":4,"column":14},"end":{"line":4,"column":21}},"3":{"start":{"line":6,"column":13},"end":{"line":6,"column":30}},"4":{"start":{"line":8,"column":21},"end":{"line":8,"column":64}},"5":{"start":{"line":10,"column":16},"end":{"line":10,"column":71}},"6":{"start":{"line":12,"column":4},"end":{"line":12,"column":72}},"7":{"start":{"line":16,"column":0},"end":{"line":16,"column":24}},"8":{"start":{"line":20,"column":4},"end":{"line":20,"column":72}},"9":{"start":{"line":22,"column":4},"end":{"line":24,"column":5}},"10":{"start":{"line":23,"column":8},"end":{"line":23,"column":68}},"11":{"start":{"line":28,"column":0},"end":{"line":31,"column":3}},"12":{"start":{"line":29,"column":4},"end":{"line":29,"column":32}},"13":{"start":{"line":30,"column":4},"end":{"line":30,"column":90}},"14":{"start":{"line":30,"column":63},"end":{"line":30,"column":88}},"15":{"start":{"line":34,"column":20},"end":{"line":45,"column":1}},"16":{"start":{"line":47,"column":25},"end":{"line":47,"column":34}},"17":{"start":{"line":50,"column":21},"end":{"line":50,"column":58}},"18":{"start":{"line":51,"column":22},"end":{"line":51,"column":23}},"19":{"start":{"line":52,"column":21},"end":{"line":52,"column":22}},"20":{"start":{"line":54,"column":4},"end":{"line":80,"column":7}},"21":{"start":{"line":55,"column":8},"end":{"line":55,"column":44}},"22":{"start":{"line":57,"column":23},"end":{"line":57,"column":25}},"23":{"start":{"line":59,"column":8},"end":{"line":77,"column":11}},"24":{"start":{"line":60,"column":31},"end":{"line":60,"column":60}},"25":{"start":{"line":61,"column":12},"end":{"line":61,"column":35}},"26":{"start":{"line":62,"column":12},"end":{"line":62,"column":52}},"27":{"start":{"line":64,"column":34},"end":{"line":64,"column":54}},"28":{"start":{"line":65,"column":33},"end":{"line":65,"column":52}},"29":{"start":{"line":67,"column":30},"end":{"line":67,"column":84}},"30":{"start":{"line":68,"column":31},"end":{"line":68,"column":85}},"31":{"start":{"line":70,"column":12},"end":{"line":70,"column":52}},"32":{"start":{"line":71,"column":12},"end":{"line":71,"column":54}},"33":{"start":{"line":73,"column":12},"end":{"line":73,"column":44}},"34":{"start":{"line":74,"column":12},"end":{"line":74,"column":36}},"35":{"start":{"line":75,"column":12},"end":{"line":75,"column":29}},"36":{"start":{"line":76,"column":12},"end":{"line":76,"column":29}},"37":{"start":{"line":79,"column":8},"end":{"line":79,"column":46}},"38":{"start":{"line":84,"column":4},"end":{"line":91,"column":7}},"39":{"start":{"line":85,"column":23},"end":{"line":85,"column":43}},"40":{"start":{"line":86,"column":23},"end":{"line":86,"column":58}},"41":{"start":{"line":88,"column":8},"end":{"line":90,"column":11}},"42":{"start":{"line":89,"column":12},"end":{"line":89,"column":76}},"43":{"start":{"line":94,"column":24},"end":{"line":94,"column":33}},"44":{"start":{"line":96,"column":17},"end":{"line":104,"column":22}},"45":{"start":{"line":97,"column":4},"end":{"line":103,"column":7}},"46":{"start":{"line":98,"column":8},"end":{"line":102,"column":9}},"47":{"start":{"line":99,"column":12},"end":{"line":99,"column":46}},"48":{"start":{"line":101,"column":12},"end":{"line":101,"column":49}},"49":{"start":{"line":106,"column":0},"end":{"line":106,"column":53}},"50":{"start":{"line":112,"column":0},"end":{"line":114,"column":3}},"51":{"start":{"line":113,"column":4},"end":{"line":113,"column":30}},"52":{"start":{"line":138,"column":26},"end":{"line":154,"column":1}},"53":{"start":{"line":156,"column":29},"end":{"line":164,"column":1}},"54":{"start":{"line":168,"column":20},"end":{"line":168,"column":63}},"55":{"start":{"line":169,"column":4},"end":{"line":169,"column":59}},"56":{"start":{"line":169,"column":27},"end":{"line":169,"column":57}},"57":{"start":{"line":171,"column":4},"end":{"line":171,"column":35}},"58":{"start":{"line":173,"column":4},"end":{"line":173,"column":25}},"59":{"start":{"line":177,"column":22},"end":{"line":177,"column":57}},"60":{"start":{"line":178,"column":4},"end":{"line":178,"column":29}},"61":{"start":{"line":179,"column":23},"end":{"line":179,"column":84}},"62":{"start":{"line":181,"column":4},"end":{"line":196,"column":7}},"63":{"start":{"line":182,"column":21},"end":{"line":182,"column":50}},"64":{"start":{"line":183,"column":8},"end":{"line":183,"column":32}},"65":{"start":{"line":184,"column":8},"end":{"line":184,"column":65}},"66":{"start":{"line":184,"column":29},"end":{"line":184,"column":64}},"67":{"start":{"line":186,"column":20},"end":{"line":186,"column":49}},"68":{"start":{"line":187,"column":8},"end":{"line":187,"column":26}},"69":{"start":{"line":189,"column":22},"end":{"line":189,"column":51}},"70":{"start":{"line":190,"column":8},"end":{"line":190,"column":34}},"71":{"start":{"line":191,"column":8},"end":{"line":191,"column":34}},"72":{"start":{"line":193,"column":8},"end":{"line":193,"column":30}},"73":{"start":{"line":194,"column":8},"end":{"line":194,"column":32}},"74":{"start":{"line":195,"column":8},"end":{"line":195,"column":36}},"75":{"start":{"line":199,"column":0},"end":{"line":199,"column":25}},"76":{"start":{"line":201,"column":0},"end":{"line":203,"column":3}},"77":{"start":{"line":202,"column":4},"end":{"line":202,"column":58}},"78":{"start":{"line":205,"column":0},"end":{"line":207,"column":3}},"79":{"start":{"line":206,"column":4},"end":{"line":206,"column":57}},"80":{"start":{"line":209,"column":0},"end":{"line":232,"column":3}},"81":{"start":{"line":210,"column":21},"end":{"line":210,"column":56}},"82":{"start":{"line":211,"column":24},"end":{"line":211,"column":72}},"83":{"start":{"line":214,"column":27},"end":{"line":214,"column":46}},"84":{"start":{"line":215,"column":26},"end":{"line":215,"column":69}},"85":{"start":{"line":216,"column":30},"end":{"line":216,"column":60}},"86":{"start":{"line":217,"column":8},"end":{"line":217,"column":54}},"87":{"start":{"line":221,"column":4},"end":{"line":221,"column":56}},"88":{"start":{"line":222,"column":4},"end":{"line":222,"column":21}},"89":{"start":{"line":225,"column":4},"end":{"line":227,"column":7}},"90":{"start":{"line":226,"column":8},"end":{"line":226,"column":62}},"91":{"start":{"line":229,"column":4},"end":{"line":231,"column":7}},"92":{"start":{"line":230,"column":8},"end":{"line":230,"column":61}},"93":{"start":{"line":236,"column":13},"end":{"line":236,"column":18}},"94":{"start":{"line":240,"column":24},"end":{"line":240,"column":67}},"95":{"start":{"line":241,"column":17},"end":{"line":241,"column":52}},"96":{"start":{"line":242,"column":22},"end":{"line":242,"column":63}},"97":{"start":{"line":244,"column":0},"end":{"line":252,"column":3}},"98":{"start":{"line":245,"column":4},"end":{"line":245,"column":18}},"99":{"start":{"line":246,"column":4},"end":{"line":246,"column":37}},"100":{"start":{"line":247,"column":4},"end":{"line":247,"column":43}},"101":{"start":{"line":248,"column":4},"end":{"line":248,"column":37}},"102":{"start":{"line":249,"column":4},"end":{"line":251,"column":12}},"103":{"start":{"line":250,"column":8},"end":{"line":250,"column":45}},"104":{"start":{"line":254,"column":0},"end":{"line":260,"column":3}},"105":{"start":{"line":255,"column":4},"end":{"line":255,"column":19}},"106":{"start":{"line":256,"column":4},"end":{"line":258,"column":12}},"107":{"start":{"line":257,"column":8},"end":{"line":257,"column":44}},"108":{"start":{"line":259,"column":4},"end":{"line":259,"column":40}},"109":{"start":{"line":262,"column":0},"end":{"line":268,"column":3}},"110":{"start":{"line":263,"column":4},"end":{"line":263,"column":19}},"111":{"start":{"line":264,"column":4},"end":{"line":266,"column":12}},"112":{"start":{"line":265,"column":8},"end":{"line":265,"column":44}},"113":{"start":{"line":267,"column":4},"end":{"line":267,"column":40}},"114":{"start":{"line":270,"column":0},"end":{"line":276,"column":3}},"115":{"start":{"line":271,"column":4},"end":{"line":271,"column":24}},"116":{"start":{"line":271,"column":17},"end":{"line":271,"column":24}},"117":{"start":{"line":272,"column":4},"end":{"line":272,"column":23}},"118":{"start":{"line":273,"column":14},"end":{"line":273,"column":43}},"119":{"start":{"line":274,"column":17},"end":{"line":274,"column":35}},"120":{"start":{"line":275,"column":4},"end":{"line":275,"column":44}},"121":{"start":{"line":280,"column":18},"end":{"line":280,"column":19}},"122":{"start":{"line":281,"column":22},"end":{"line":281,"column":23}},"123":{"start":{"line":283,"column":0},"end":{"line":286,"column":3}},"124":{"start":{"line":284,"column":4},"end":{"line":284,"column":37}},"125":{"start":{"line":285,"column":4},"end":{"line":285,"column":42}},"126":{"start":{"line":288,"column":0},"end":{"line":292,"column":3}},"127":{"start":{"line":289,"column":14},"end":{"line":289,"column":32}},"128":{"start":{"line":290,"column":17},"end":{"line":290,"column":40}},"129":{"start":{"line":291,"column":4},"end":{"line":291,"column":49}},"130":{"start":{"line":297,"column":4},"end":{"line":297,"column":61}},"131":{"start":{"line":298,"column":4},"end":{"line":298,"column":59}},"132":{"start":{"line":299,"column":4},"end":{"line":299,"column":55}},"133":{"start":{"line":300,"column":4},"end":{"line":300,"column":72}},"134":{"start":{"line":304,"column":4},"end":{"line":304,"column":71}},"135":{"start":{"line":309,"column":17},"end":{"line":309,"column":54}},"136":{"start":{"line":310,"column":17},"end":{"line":310,"column":59}},"137":{"start":{"line":313,"column":16},"end":{"line":313,"column":31}},"138":{"start":{"line":315,"column":4},"end":{"line":315,"column":80}},"139":{"start":{"line":317,"column":4},"end":{"line":317,"column":62}},"140":{"start":{"line":317,"column":29},"end":{"line":317,"column":60}},"141":{"start":{"line":318,"column":4},"end":{"line":322,"column":5}},"142":{"start":{"line":319,"column":33},"end":{"line":319,"column":51}},"143":{"start":{"line":320,"column":27},"end":{"line":320,"column":115}},"144":{"start":{"line":321,"column":8},"end":{"line":321,"column":59}},"145":{"start":{"line":321,"column":24},"end":{"line":321,"column":59}},"146":{"start":{"line":327,"column":0},"end":{"line":327,"column":52}},"147":{"start":{"line":328,"column":0},"end":{"line":328,"column":50}},"148":{"start":{"line":330,"column":0},"end":{"line":344,"column":3}},"149":{"start":{"line":332,"column":4},"end":{"line":334,"column":5}},"150":{"start":{"line":333,"column":8},"end":{"line":333,"column":46}},"151":{"start":{"line":336,"column":24},"end":{"line":336,"column":55}},"152":{"start":{"line":338,"column":4},"end":{"line":338,"column":65}},"153":{"start":{"line":338,"column":14},"end":{"line":338,"column":65}},"154":{"start":{"line":340,"column":4},"end":{"line":343,"column":12}},"155":{"start":{"line":341,"column":8},"end":{"line":341,"column":50}},"156":{"start":{"line":342,"column":8},"end":{"line":342,"column":65}},"157":{"start":{"line":348,"column":16},"end":{"line":348,"column":63}},"158":{"start":{"line":349,"column":19},"end":{"line":349,"column":64}},"159":{"start":{"line":351,"column":0},"end":{"line":353,"column":3}},"160":{"start":{"line":352,"column":4},"end":{"line":352,"column":40}},"161":{"start":{"line":356,"column":0},"end":{"line":360,"column":3}},"162":{"start":{"line":357,"column":4},"end":{"line":359,"column":7}},"163":{"start":{"line":358,"column":8},"end":{"line":358,"column":44}},"164":{"start":{"line":363,"column":22},"end":{"line":363,"column":63}},"165":{"start":{"line":364,"column":21},"end":{"line":364,"column":61}},"166":{"start":{"line":365,"column":21},"end":{"line":365,"column":61}},"167":{"start":{"line":367,"column":0},"end":{"line":369,"column":3}},"168":{"start":{"line":368,"column":4},"end":{"line":368,"column":40}},"169":{"start":{"line":371,"column":0},"end":{"line":373,"column":3}},"170":{"start":{"line":372,"column":4},"end":{"line":372,"column":40}},"171":{"start":{"line":375,"column":0},"end":{"line":379,"column":3}},"172":{"start":{"line":376,"column":4},"end":{"line":378,"column":5}},"173":{"start":{"line":377,"column":8},"end":{"line":377,"column":44}}},"fnMap":{"0":{"name":"updateButtonTransform","decl":{"start":{"line":2,"column":9},"end":{"line":2,"column":30}},"loc":{"start":{"line":2,"column":33},"end":{"line":13,"column":1}},"line":2},"1":{"name":"scrollToSection","decl":{"start":{"line":19,"column":9},"end":{"line":19,"column":24}},"loc":{"start":{"line":19,"column":29},"end":{"line":25,"column":1}},"line":19},"2":{"name":"(anonymous_2)","decl":{"start":{"line":28,"column":46},"end":{"line":28,"column":47}},"loc":{"start":{"line":28,"column":52},"end":{"line":31,"column":1}},"line":28},"3":{"name":"(anonymous_3)","decl":{"start":{"line":30,"column":50},"end":{"line":30,"column":51}},"loc":{"start":{"line":30,"column":63},"end":{"line":30,"column":88}},"line":30},"4":{"name":"addRandomBricksToSections","decl":{"start":{"line":49,"column":9},"end":{"line":49,"column":34}},"loc":{"start":{"line":49,"column":37},"end":{"line":81,"column":1}},"line":49},"5":{"name":"(anonymous_5)","decl":{"start":{"line":54,"column":21},"end":{"line":54,"column":22}},"loc":{"start":{"line":54,"column":34},"end":{"line":80,"column":5}},"line":54},"6":{"name":"(anonymous_6)","decl":{"start":{"line":59,"column":28},"end":{"line":59,"column":29}},"loc":{"start":{"line":59,"column":39},"end":{"line":77,"column":9}},"line":59},"7":{"name":"moveVisibleBricks","decl":{"start":{"line":83,"column":9},"end":{"line":83,"column":26}},"loc":{"start":{"line":83,"column":29},"end":{"line":92,"column":1}},"line":83},"8":{"name":"(anonymous_8)","decl":{"start":{"line":84,"column":28},"end":{"line":84,"column":29}},"loc":{"start":{"line":84,"column":41},"end":{"line":91,"column":5}},"line":84},"9":{"name":"(anonymous_9)","decl":{"start":{"line":88,"column":23},"end":{"line":88,"column":24}},"loc":{"start":{"line":88,"column":34},"end":{"line":90,"column":9}},"line":88},"10":{"name":"(anonymous_10)","decl":{"start":{"line":96,"column":42},"end":{"line":96,"column":43}},"loc":{"start":{"line":96,"column":55},"end":{"line":104,"column":1}},"line":96},"11":{"name":"(anonymous_11)","decl":{"start":{"line":97,"column":20},"end":{"line":97,"column":21}},"loc":{"start":{"line":97,"column":31},"end":{"line":103,"column":5}},"line":97},"12":{"name":"(anonymous_12)","decl":{"start":{"line":112,"column":46},"end":{"line":112,"column":47}},"loc":{"start":{"line":112,"column":59},"end":{"line":114,"column":1}},"line":112},"13":{"name":"selectComponent","decl":{"start":{"line":167,"column":9},"end":{"line":167,"column":24}},"loc":{"start":{"line":167,"column":39},"end":{"line":174,"column":1}},"line":167},"14":{"name":"(anonymous_14)","decl":{"start":{"line":169,"column":20},"end":{"line":169,"column":21}},"loc":{"start":{"line":169,"column":27},"end":{"line":169,"column":57}},"line":169},"15":{"name":"showComponents","decl":{"start":{"line":176,"column":9},"end":{"line":176,"column":23}},"loc":{"start":{"line":176,"column":30},"end":{"line":197,"column":1}},"line":176},"16":{"name":"(anonymous_16)","decl":{"start":{"line":181,"column":23},"end":{"line":181,"column":24}},"loc":{"start":{"line":181,"column":28},"end":{"line":196,"column":5}},"line":181},"17":{"name":"(anonymous_17)","decl":{"start":{"line":184,"column":23},"end":{"line":184,"column":24}},"loc":{"start":{"line":184,"column":29},"end":{"line":184,"column":64}},"line":184},"18":{"name":"(anonymous_18)","decl":{"start":{"line":201,"column":64},"end":{"line":201,"column":65}},"loc":{"start":{"line":201,"column":70},"end":{"line":203,"column":1}},"line":201},"19":{"name":"(anonymous_19)","decl":{"start":{"line":205,"column":65},"end":{"line":205,"column":66}},"loc":{"start":{"line":205,"column":71},"end":{"line":207,"column":1}},"line":205},"20":{"name":"(anonymous_20)","decl":{"start":{"line":209,"column":46},"end":{"line":209,"column":47}},"loc":{"start":{"line":209,"column":52},"end":{"line":232,"column":1}},"line":209},"21":{"name":"updateProgress","decl":{"start":{"line":213,"column":13},"end":{"line":213,"column":27}},"loc":{"start":{"line":213,"column":30},"end":{"line":218,"column":5}},"line":213},"22":{"name":"(anonymous_22)","decl":{"start":{"line":225,"column":68},"end":{"line":225,"column":69}},"loc":{"start":{"line":225,"column":74},"end":{"line":227,"column":5}},"line":225},"23":{"name":"(anonymous_23)","decl":{"start":{"line":229,"column":69},"end":{"line":229,"column":70}},"loc":{"start":{"line":229,"column":75},"end":{"line":231,"column":5}},"line":229},"24":{"name":"(anonymous_24)","decl":{"start":{"line":244,"column":46},"end":{"line":244,"column":47}},"loc":{"start":{"line":244,"column":53},"end":{"line":252,"column":1}},"line":244},"25":{"name":"(anonymous_25)","decl":{"start":{"line":249,"column":15},"end":{"line":249,"column":16}},"loc":{"start":{"line":249,"column":21},"end":{"line":251,"column":5}},"line":249},"26":{"name":"(anonymous_26)","decl":{"start":{"line":254,"column":47},"end":{"line":254,"column":48}},"loc":{"start":{"line":254,"column":53},"end":{"line":260,"column":1}},"line":254},"27":{"name":"(anonymous_27)","decl":{"start":{"line":256,"column":15},"end":{"line":256,"column":16}},"loc":{"start":{"line":256,"column":21},"end":{"line":258,"column":5}},"line":256},"28":{"name":"(anonymous_28)","decl":{"start":{"line":262,"column":44},"end":{"line":262,"column":45}},"loc":{"start":{"line":262,"column":50},"end":{"line":268,"column":1}},"line":262},"29":{"name":"(anonymous_29)","decl":{"start":{"line":264,"column":15},"end":{"line":264,"column":16}},"loc":{"start":{"line":264,"column":21},"end":{"line":266,"column":5}},"line":264},"30":{"name":"(anonymous_30)","decl":{"start":{"line":270,"column":46},"end":{"line":270,"column":47}},"loc":{"start":{"line":270,"column":53},"end":{"line":276,"column":1}},"line":270},"31":{"name":"(anonymous_31)","decl":{"start":{"line":283,"column":40},"end":{"line":283,"column":41}},"loc":{"start":{"line":283,"column":47},"end":{"line":286,"column":1}},"line":283},"32":{"name":"(anonymous_32)","decl":{"start":{"line":288,"column":39},"end":{"line":288,"column":40}},"loc":{"start":{"line":288,"column":46},"end":{"line":292,"column":1}},"line":288},"33":{"name":"openPopup","decl":{"start":{"line":295,"column":9},"end":{"line":295,"column":18}},"loc":{"start":{"line":295,"column":41},"end":{"line":301,"column":1}},"line":295},"34":{"name":"closePopup","decl":{"start":{"line":303,"column":9},"end":{"line":303,"column":19}},"loc":{"start":{"line":303,"column":22},"end":{"line":305,"column":1}},"line":303},"35":{"name":"updateActiveLink","decl":{"start":{"line":312,"column":9},"end":{"line":312,"column":25}},"loc":{"start":{"line":312,"column":28},"end":{"line":323,"column":1}},"line":312},"36":{"name":"(anonymous_36)","decl":{"start":{"line":317,"column":21},"end":{"line":317,"column":22}},"loc":{"start":{"line":317,"column":29},"end":{"line":317,"column":60}},"line":317},"37":{"name":"(anonymous_37)","decl":{"start":{"line":330,"column":32},"end":{"line":330,"column":33}},"loc":{"start":{"line":330,"column":38},"end":{"line":344,"column":1}},"line":330},"38":{"name":"(anonymous_38)","decl":{"start":{"line":340,"column":15},"end":{"line":340,"column":16}},"loc":{"start":{"line":340,"column":21},"end":{"line":343,"column":5}},"line":340},"39":{"name":"(anonymous_39)","decl":{"start":{"line":351,"column":34},"end":{"line":351,"column":35}},"loc":{"start":{"line":351,"column":40},"end":{"line":353,"column":1}},"line":351},"40":{"name":"(anonymous_40)","decl":{"start":{"line":356,"column":41},"end":{"line":356,"column":42}},"loc":{"start":{"line":356,"column":49},"end":{"line":360,"column":1}},"line":356},"41":{"name":"(anonymous_41)","decl":{"start":{"line":357,"column":35},"end":{"line":357,"column":36}},"loc":{"start":{"line":357,"column":41},"end":{"line":359,"column":5}},"line":357},"42":{"name":"(anonymous_42)","decl":{"start":{"line":367,"column":40},"end":{"line":367,"column":41}},"loc":{"start":{"line":367,"column":46},"end":{"line":369,"column":1}},"line":367},"43":{"name":"(anonymous_43)","decl":{"start":{"line":371,"column":39},"end":{"line":371,"column":40}},"loc":{"start":{"line":371,"column":45},"end":{"line":373,"column":1}},"line":371},"44":{"name":"(anonymous_44)","decl":{"start":{"line":375,"column":39},"end":{"line":375,"column":40}},"loc":{"start":{"line":375,"column":46},"end":{"line":379,"column":1}},"line":375}},"branchMap":{"0":{"loc":{"start":{"line":4,"column":4},"end":{"line":4,"column":21}},"type":"if","locations":[{"start":{"line":4,"column":4},"end":{"line":4,"column":21}},{"start":{},"end":{}}],"line":4},"1":{"loc":{"start":{"line":22,"column":4},"end":{"line":24,"column":5}},"type":"if","locations":[{"start":{"line":22,"column":4},"end":{"line":24,"column":5}},{"start":{},"end":{}}],"line":22},"2":{"loc":{"start":{"line":86,"column":23},"end":{"line":86,"column":58}},"type":"binary-expr","locations":[{"start":{"line":86,"column":23},"end":{"line":86,"column":52}},{"start":{"line":86,"column":56},"end":{"line":86,"column":58}}],"line":86},"3":{"loc":{"start":{"line":98,"column":8},"end":{"line":102,"column":9}},"type":"if","locations":[{"start":{"line":98,"column":8},"end":{"line":102,"column":9}},{"start":{"line":100,"column":15},"end":{"line":102,"column":9}}],"line":98},"4":{"loc":{"start":{"line":179,"column":23},"end":{"line":179,"column":84}},"type":"cond-expr","locations":[{"start":{"line":179,"column":44},"end":{"line":179,"column":61}},{"start":{"line":179,"column":64},"end":{"line":179,"column":84}}],"line":179},"5":{"loc":{"start":{"line":271,"column":4},"end":{"line":271,"column":24}},"type":"if","locations":[{"start":{"line":271,"column":4},"end":{"line":271,"column":24}},{"start":{},"end":{}}],"line":271},"6":{"loc":{"start":{"line":315,"column":11},"end":{"line":315,"column":75}},"type":"binary-expr","locations":[{"start":{"line":315,"column":11},"end":{"line":315,"column":23}},{"start":{"line":315,"column":27},"end":{"line":315,"column":75}}],"line":315},"7":{"loc":{"start":{"line":318,"column":4},"end":{"line":322,"column":5}},"type":"if","locations":[{"start":{"line":318,"column":4},"end":{"line":322,"column":5}},{"start":{},"end":{}}],"line":318},"8":{"loc":{"start":{"line":321,"column":8},"end":{"line":321,"column":59}},"type":"if","locations":[{"start":{"line":321,"column":8},"end":{"line":321,"column":59}},{"start":{},"end":{}}],"line":321},"9":{"loc":{"start":{"line":332,"column":4},"end":{"line":334,"column":5}},"type":"if","locations":[{"start":{"line":332,"column":4},"end":{"line":334,"column":5}},{"start":{},"end":{}}],"line":332},"10":{"loc":{"start":{"line":338,"column":4},"end":{"line":338,"column":65}},"type":"if","locations":[{"start":{"line":338,"column":4},"end":{"line":338,"column":65}},{"start":{},"end":{}}],"line":338},"11":{"loc":{"start":{"line":376,"column":4},"end":{"line":378,"column":5}},"type":"if","locations":[{"start":{"line":376,"column":4},"end":{"line":378,"column":5}},{"start":{},"end":{}}],"line":376}},"s":{"0":0,"1":0,"2":0,"3":0,"4":0,"5":0,"6":0,"7":0,"8":0,"9":0,"10":0,"11":0,"12":0,"13":0,"14":0,"15":0,"16":0,"17":0,"18":0,"19":0,"20":0,"21":0,"22":0,"23":0,"24":0,"25":0,"26":0,"27":0,"28":0,"29":0,"30":0,"31":0,"32":0,"33":0,"34":0,"35":0,"36":0,"37":0,"38":0,"39":0,"40":0,"41":0,"42":0,"43":0,"44":0,"45":0,"46":0,"47":0,"48":0,"49":0,"50":0,"51":0,"52":0,"53":0,"54":0,"55":0,"56":0,"57":0,"58":0,"59":0,"60":0,"61":0,"62":0,"63":0,"64":0,"65":0,"66":0,"67":0,"68":0,"69":0,"70":0,"71":0,"72":0,"73":0,"74":0,"75":0,"76":0,"77":0,"78":0,"79":0,"80":0,"81":0,"82":0,"83":0,"84":0,"85":0,"86":0,"87":0,"88":0,"89":0,"90":0,"91":0,"92":0,"93":0,"94":0,"95":0,"96":0,"97":0,"98":0,"99":0,"100":0,"101":0,"102":0,"103":0,"104":0,"105":0,"106":0,"107":0,"108":0,"109":0,"110":0,"111":0,"112":0,"113":0,"114":0,"115":0,"116":0,"117":0,"118":0,"119":0,"120":0,"121":0,"122":0,"123":0,"124":0,"125":0,"126":0,"127":0,"128":0,"129":0,"130":0,"131":0,"132":0,"133":0,"134":0,"135":0,"136":0,"137":0,"138":0,"139":0,"140":0,"141":0,"142":0,"143":0,"144":0,"145":0,"146":0,"147":0,"148":0,"149":0,"150":0,"151":0,"152":0,"153":0,"154":0,"155":0,"156":0,"157":0,"158":0,"159":0,"160":0,"161":0,"162":0,"163":0,"164":0,"165":0,"166":0,"167":0,"168":0,"169":0,"170":0,"171":0,"172":0,"173":0},"f":{"0":0,"1":0,"2":0,"3":0,"4":0,"5":0,"6":0,"7":0,"8":0,"9":0,"10":0,"11":0,"12":0,"13":0,"14":0,"15":0,"16":0,"17":0,"18":0,"19":0,"20":0,"21":0,"22":0,"23":0,"24":0,"25":0,"26":0,"27":0,"28":0,"29":0,"30":0,"31":0,"32":0,"33":0,"34":0,"35":0,"36":0,"37":0,"38":0,"39":0,"40":0,"41":0,"42":0,"43":0,"44":0},"b":{"0":[0,0],"1":[0,0],"2":[0,0],"3":[0,0],"4":[0,0],"5":[0,0],"6":[0,0],"7":[0,0],"8":[0,0],"9":[0,0],"10":[0,0],"11":[0,0]}}
}
