TN:
SF:scripts\feedback.js
FN:29,containsProfanity
FN:35,(anonymous_1)
FN:50,(anonymous_2)
FN:54,validateInput
FN:79,submitFeedback
FN:129,startCooldownTimer
FN:134,(anonymous_6)
FN:147,fetchFeedback
FN:159,(anonymous_8)
FN:177,displayFeedbackBatch
FN:204,(anonymous_10)
FN:213,escapeHtml
FN:223,(anonymous_12)
FNF:13
FNH:0
FNDA:0,containsProfanity
FNDA:0,(anonymous_1)
FNDA:0,(anonymous_2)
FNDA:0,validateInput
FNDA:0,submitFeedback
FNDA:0,startCooldownTimer
FNDA:0,(anonymous_6)
FNDA:0,fetchFeedback
FNDA:0,(anonymous_8)
FNDA:0,displayFeedbackBatch
FNDA:0,(anonymous_10)
FNDA:0,escapeHtml
FNDA:0,(anonymous_12)
DA:2,0
DA:5,0
DA:6,0
DA:7,0
DA:10,0
DA:11,0
DA:12,0
DA:15,0
DA:25,0
DA:26,0
DA:30,0
DA:31,0
DA:34,0
DA:35,0
DA:36,0
DA:41,0
DA:50,0
DA:56,0
DA:57,0
DA:61,0
DA:62,0
DA:66,0
DA:67,0
DA:71,0
DA:72,0
DA:75,0
DA:80,0
DA:82,0
DA:83,0
DA:85,0
DA:86,0
DA:87,0
DA:88,0
DA:91,0
DA:92,0
DA:93,0
DA:95,0
DA:96,0
DA:98,0
DA:99,0
DA:101,0
DA:102,0
DA:103,0
DA:104,0
DA:106,0
DA:111,0
DA:112,0
DA:115,0
DA:116,0
DA:118,0
DA:119,0
DA:122,0
DA:123,0
DA:124,0
DA:130,0
DA:132,0
DA:134,0
DA:135,0
DA:136,0
DA:137,0
DA:138,0
DA:139,0
DA:141,0
DA:148,0
DA:149,0
DA:150,0
DA:152,0
DA:153,0
DA:154,0
DA:155,0
DA:157,0
DA:159,0
DA:160,0
DA:161,0
DA:162,0
DA:166,0
DA:169,0
DA:172,0
DA:178,0
DA:179,0
DA:182,0
DA:183,0
DA:184,0
DA:185,0
DA:187,0
DA:188,0
DA:190,0
DA:196,0
DA:200,0
DA:201,0
DA:202,0
DA:203,0
DA:204,0
DA:205,0
DA:206,0
DA:208,0
DA:214,0
DA:223,0
DA:224,0
DA:225,0
DA:228,0
LF:101
LH:0
BRDA:35,0,0,0
BRDA:35,0,1,0
BRDA:56,1,0,0
BRDA:56,1,1,0
BRDA:61,2,0,0
BRDA:61,2,1,0
BRDA:66,3,0,0
BRDA:66,3,1,0
BRDA:71,4,0,0
BRDA:71,4,1,0
BRDA:71,5,0,0
BRDA:71,5,1,0
BRDA:85,6,0,0
BRDA:85,6,1,0
BRDA:123,7,0,0
BRDA:123,7,1,0
BRDA:136,8,0,0
BRDA:136,8,1,0
BRDA:157,9,0,0
BRDA:157,9,1,0
BRDA:200,10,0,0
BRDA:200,10,1,0
BRF:22
BRH:0
end_of_record
TN:
SF:scripts\script.js
FN:2,updateButtonTransform
FN:19,scrollToSection
FN:28,(anonymous_2)
FN:30,(anonymous_3)
FN:49,addRandomBricksToSections
FN:54,(anonymous_5)
FN:59,(anonymous_6)
FN:83,moveVisibleBricks
FN:84,(anonymous_8)
FN:88,(anonymous_9)
FN:96,(anonymous_10)
FN:97,(anonymous_11)
FN:112,(anonymous_12)
FN:167,selectComponent
FN:169,(anonymous_14)
FN:176,showComponents
FN:181,(anonymous_16)
FN:184,(anonymous_17)
FN:201,(anonymous_18)
FN:205,(anonymous_19)
FN:209,(anonymous_20)
FN:213,updateProgress
FN:225,(anonymous_22)
FN:229,(anonymous_23)
FN:244,(anonymous_24)
FN:249,(anonymous_25)
FN:254,(anonymous_26)
FN:256,(anonymous_27)
FN:262,(anonymous_28)
FN:264,(anonymous_29)
FN:270,(anonymous_30)
FN:283,(anonymous_31)
FN:288,(anonymous_32)
FN:295,openPopup
FN:303,closePopup
FN:312,updateActiveLink
FN:317,(anonymous_36)
FN:330,(anonymous_37)
FN:340,(anonymous_38)
FN:351,(anonymous_39)
FN:356,(anonymous_40)
FN:357,(anonymous_41)
FN:367,(anonymous_42)
FN:371,(anonymous_43)
FN:375,(anonymous_44)
FNF:45
FNH:0
FNDA:0,updateButtonTransform
FNDA:0,scrollToSection
FNDA:0,(anonymous_2)
FNDA:0,(anonymous_3)
FNDA:0,addRandomBricksToSections
FNDA:0,(anonymous_5)
FNDA:0,(anonymous_6)
FNDA:0,moveVisibleBricks
FNDA:0,(anonymous_8)
FNDA:0,(anonymous_9)
FNDA:0,(anonymous_10)
FNDA:0,(anonymous_11)
FNDA:0,(anonymous_12)
FNDA:0,selectComponent
FNDA:0,(anonymous_14)
FNDA:0,showComponents
FNDA:0,(anonymous_16)
FNDA:0,(anonymous_17)
FNDA:0,(anonymous_18)
FNDA:0,(anonymous_19)
FNDA:0,(anonymous_20)
FNDA:0,updateProgress
FNDA:0,(anonymous_22)
FNDA:0,(anonymous_23)
FNDA:0,(anonymous_24)
FNDA:0,(anonymous_25)
FNDA:0,(anonymous_26)
FNDA:0,(anonymous_27)
FNDA:0,(anonymous_28)
FNDA:0,(anonymous_29)
FNDA:0,(anonymous_30)
FNDA:0,(anonymous_31)
FNDA:0,(anonymous_32)
FNDA:0,openPopup
FNDA:0,closePopup
FNDA:0,updateActiveLink
FNDA:0,(anonymous_36)
FNDA:0,(anonymous_37)
FNDA:0,(anonymous_38)
FNDA:0,(anonymous_39)
FNDA:0,(anonymous_40)
FNDA:0,(anonymous_41)
FNDA:0,(anonymous_42)
FNDA:0,(anonymous_43)
FNDA:0,(anonymous_44)
DA:3,0
DA:4,0
DA:6,0
DA:8,0
DA:10,0
DA:12,0
DA:16,0
DA:20,0
DA:22,0
DA:23,0
DA:28,0
DA:29,0
DA:30,0
DA:34,0
DA:47,0
DA:50,0
DA:51,0
DA:52,0
DA:54,0
DA:55,0
DA:57,0
DA:59,0
DA:60,0
DA:61,0
DA:62,0
DA:64,0
DA:65,0
DA:67,0
DA:68,0
DA:70,0
DA:71,0
DA:73,0
DA:74,0
DA:75,0
DA:76,0
DA:79,0
DA:84,0
DA:85,0
DA:86,0
DA:88,0
DA:89,0
DA:94,0
DA:96,0
DA:97,0
DA:98,0
DA:99,0
DA:101,0
DA:106,0
DA:112,0
DA:113,0
DA:138,0
DA:156,0
DA:168,0
DA:169,0
DA:171,0
DA:173,0
DA:177,0
DA:178,0
DA:179,0
DA:181,0
DA:182,0
DA:183,0
DA:184,0
DA:186,0
DA:187,0
DA:189,0
DA:190,0
DA:191,0
DA:193,0
DA:194,0
DA:195,0
DA:199,0
DA:201,0
DA:202,0
DA:205,0
DA:206,0
DA:209,0
DA:210,0
DA:211,0
DA:214,0
DA:215,0
DA:216,0
DA:217,0
DA:221,0
DA:222,0
DA:225,0
DA:226,0
DA:229,0
DA:230,0
DA:236,0
DA:240,0
DA:241,0
DA:242,0
DA:244,0
DA:245,0
DA:246,0
DA:247,0
DA:248,0
DA:249,0
DA:250,0
DA:254,0
DA:255,0
DA:256,0
DA:257,0
DA:259,0
DA:262,0
DA:263,0
DA:264,0
DA:265,0
DA:267,0
DA:270,0
DA:271,0
DA:272,0
DA:273,0
DA:274,0
DA:275,0
DA:280,0
DA:281,0
DA:283,0
DA:284,0
DA:285,0
DA:288,0
DA:289,0
DA:290,0
DA:291,0
DA:297,0
DA:298,0
DA:299,0
DA:300,0
DA:304,0
DA:309,0
DA:310,0
DA:313,0
DA:315,0
DA:317,0
DA:318,0
DA:319,0
DA:320,0
DA:321,0
DA:327,0
DA:328,0
DA:330,0
DA:332,0
DA:333,0
DA:336,0
DA:338,0
DA:340,0
DA:341,0
DA:342,0
DA:348,0
DA:349,0
DA:351,0
DA:352,0
DA:356,0
DA:357,0
DA:358,0
DA:363,0
DA:364,0
DA:365,0
DA:367,0
DA:368,0
DA:371,0
DA:372,0
DA:375,0
DA:376,0
DA:377,0
LF:166
LH:0
BRDA:4,0,0,0
BRDA:4,0,1,0
BRDA:22,1,0,0
BRDA:22,1,1,0
BRDA:86,2,0,0
BRDA:86,2,1,0
BRDA:98,3,0,0
BRDA:98,3,1,0
BRDA:179,4,0,0
BRDA:179,4,1,0
BRDA:271,5,0,0
BRDA:271,5,1,0
BRDA:315,6,0,0
BRDA:315,6,1,0
BRDA:318,7,0,0
BRDA:318,7,1,0
BRDA:321,8,0,0
BRDA:321,8,1,0
BRDA:332,9,0,0
BRDA:332,9,1,0
BRDA:338,10,0,0
BRDA:338,10,1,0
BRDA:376,11,0,0
BRDA:376,11,1,0
BRF:24
BRH:0
end_of_record
